android/app/build/outputs/mapping/release/seeds.txt
com.example.islamic_heroes_app.MainActivity
com.example.islamic_heroes_app.MainActivity: MainActivity()
...
com.google.android.gms.internal.firebase-auth-api.zznd: com.google.android.gms.internal.firebase-auth-api.zzbt zza(java.lang.String,java.lang.Class,com.google.android.gms.internal.firebase-auth-api.zzux$zzb,com.google.android.gms.internal.firebase-auth-api.zzakx)
com.google.android.gms.internal.measurement.zznu: java.lang.String zzav()
com.google.android.gms.internal.firebase-auth-api.zzamg: zzamg(com.google.android.gms.internal.firebase-auth-api.zzajq)
com.google.android.gms.internal.firebase-auth-api.zzaig: void zzb(java.lang.Object,com.google.android.gms.internal.firebase-auth-api.zzalc,com.google.android.gms.internal.firebase-auth-api.zzaip)
com.google.android.recaptcha.internal.zzma: int zza(byte[],int,int)
com.google.android.gms.internal.firebase-auth-api.zzafh: com.google.android.gms.internal.firebase-auth-api.zzafh zzb(java.lang.String)
com.google.android.recaptcha.internal.zzkq: void zzw(java.util.List)
com.google.android.gms.internal.measurement.zzgb$zzd$zza: zzgb$zzd$zza(java.lang.String,int,int)
androidx.appcompat.widget.SwitchCompat: int getCompoundPaddingRight()
com.google.android.gms.tasks.zzd: zzd(java.util.concurrent.Executor,com.google.android.gms.tasks.Continuation,com.google.android.gms.tasks.zzw)
com.google.android.gms.internal.measurement.zzhg: com.google.android.gms.internal.measurement.zzhg zza(com.google.android.gms.internal.measurement.zzho,java.lang.String,java.lang.String,boolean)
com.google.android.recaptcha.internal.zzjc: java.lang.Object zzc(java.lang.Object,java.lang.String)
com.google.android.gms.internal.firebase-auth-api.zzqm: boolean equals(java.lang.Object)
com.google.android.gms.internal.auth.zzfr: void putAll(java.util.Map)
com.google.android.gms.internal.firebase-auth-api.zzvl: int zza()
com.google.android.gms.internal.measurement.zzds: void zza(java.lang.Exception,boolean,boolean)
com.google.android.gms.internal.measurement.zzft$zzj: void zzl(com.google.android.gms.internal.measurement.zzft$zzj)
com.google.android.gms.internal.measurement.zzlk: void zzf(java.lang.Object)
com.google.android.gms.fido.u2f.api.common.ProtocolVersion: com.google.android.gms.fido.u2f.api.common.ProtocolVersion valueOf(java.lang.String)
com.google.android.gms.internal.measurement.zzio: zzio(int)
com.google.android.gms.internal.firebase-auth-api.zzer: int hashCode()
androidx.vectordrawable.graphics.drawable.VectorDrawableCompat$VFullPath: float getTrimPathStart()
com.google.android.gms.internal.measurement.zzmz: boolean zzd()
com.google.android.gms.internal.measurement.zzlz: java.lang.Object get(java.lang.Object)
com.google.android.gms.tasks.CancellationTokenSource: CancellationTokenSource()
com.google.android.gms.internal.firebase-auth-api.zzabf: void zzb()
com.google.android.gms.internal.firebase-auth-api.zzey: com.google.android.gms.internal.firebase-auth-api.zzbu zza(com.google.android.gms.internal.firebase-auth-api.zzci,java.lang.Integer)
com.google.android.gms.internal.firebase-auth-api.zzus$zza: com.google.android.gms.internal.firebase-auth-api.zzus$zza zza(com.google.android.gms.internal.firebase-auth-api.zzum)
com.google.android.gms.internal.measurement.zzfn$zza: java.util.List zzc()
com.google.android.gms.internal.measurement.zzft$zzg: com.google.android.gms.internal.measurement.zzft$zzg$zza zze()
com.google.android.recaptcha.internal.zzcr: zzcr()
com.google.android.gms.internal.firebase-auth-api.zzoa: zzoa(java.lang.Class,java.lang.Class)
androidx.lifecycle.ReportFragment$LifecycleCallbacks: void onActivityPostCreated(android.app.Activity,android.os.Bundle)
com.google.android.gms.internal.fido.zzs: void zzc(com.google.android.gms.internal.fido.zzr,com.google.android.gms.fido.fido2.api.common.PublicKeyCredentialCreationOptions)
com.google.android.gms.internal.fido.zzc: void zzc(android.os.Parcel)
com.google.android.gms.internal.firebase-auth-api.zzaac: zzaac(com.google.android.gms.internal.firebase-auth-api.zzyl,java.lang.String,com.google.android.gms.internal.firebase-auth-api.zzacf)