android/app/build/outputs/mapping/release/usage.txt
com.example.islamic_heroes_app.R$drawable
com.example.islamic_heroes_app.R$mipmap
com.example.islamic_heroes_app.R$string
com.example.islamic_heroes_app.R$style
com.example.islamic_heroes_app.R
...
kotlinx.coroutines.RunnableKt$Runnable$1
kotlinx.coroutines.RunnableKt
kotlinx.coroutines.SchedulerTaskKt
kotlinx.coroutines.SupervisorCoroutine
kotlinx.coroutines.SupervisorKt:
    public static final synthetic kotlinx.coroutines.Job SupervisorJob(kotlinx.coroutines.Job)
    public static synthetic kotlinx.coroutines.Job SupervisorJob$default(kotlinx.coroutines.Job,int,java.lang.Object)
    public static final java.lang.Object supervisorScope(kotlin.jvm.functions.Function2,kotlin.coroutines.Continuation)
kotlinx.coroutines.ThreadContextElement$DefaultImpls
kotlinx.coroutines.ThreadContextElementKt
kotlinx.coroutines.ThreadState
kotlinx.coroutines.TimeoutKt$withTimeoutOrNull$1
kotlinx.coroutines.TimeoutKt:
    public static final java.lang.Object withTimeout-KLykuaI(long,kotlin.jvm.functions.Function2,kotlin.coroutines.Continuation)
    public static final java.lang.Object withTimeoutOrNull(long,kotlin.jvm.functions.Function2,kotlin.coroutines.Continuation)
    public static final java.lang.Object withTimeoutOrNull-KLykuaI(long,kotlin.jvm.functions.Function2,kotlin.coroutines.Continuation)
kotlinx.coroutines.Unconfined:
    public kotlinx.coroutines.CoroutineDispatcher limitedParallelism(int)
kotlinx.coroutines.YieldContext:
    public void <init>()
kotlinx.coroutines.YieldKt
kotlinx.coroutines.android.HandlerContext$scheduleResumeAfterDelay$$inlined$Runnable$1
kotlinx.coroutines.android.HandlerContext$scheduleResumeAfterDelay$1
kotlinx.coroutines.android.HandlerContext:
    public static final synthetic android.os.Handler access$getHandler$p(kotlinx.coroutines.android.HandlerContext)
    public synthetic bridge kotlinx.coroutines.android.HandlerDispatcher getImmediate()
    public void scheduleResumeAfterDelay(long,kotlinx.coroutines.CancellableContinuation)
kotlinx.coroutines.android.HandlerDispatcher:
    public java.lang.Object delay(long,kotlin.coroutines.Continuation)
    public abstract kotlinx.coroutines.android.HandlerDispatcher getImmediate()
    public kotlinx.coroutines.DisposableHandle invokeOnTimeout(long,java.lang.Runnable,kotlin.coroutines.CoroutineContext)
kotlinx.coroutines.android.HandlerDispatcherKt$awaitFrameSlowPath$lambda$3$$inlined$Runnable$1
kotlinx.coroutines.android.HandlerDispatcherKt:
    private static final long MAX_DELAY
    public static final synthetic java.lang.Object access$awaitFrameSlowPath(kotlin.coroutines.Continuation)
    public static final synthetic void access$postFrameCallback(android.view.Choreographer,kotlinx.coroutines.CancellableContinuation)
    public static final synthetic void access$updateChoreographerAndPostFrameCallback(kotlinx.coroutines.CancellableContinuation)
    public static final java.lang.Object awaitFrame(kotlin.coroutines.Continuation)
    private static final java.lang.Object awaitFrameSlowPath(kotlin.coroutines.Continuation)
    public static final kotlinx.coroutines.android.HandlerDispatcher from(android.os.Handler)
    public static final kotlinx.coroutines.android.HandlerDispatcher from(android.os.Handler,java.lang.String)
    public static synthetic kotlinx.coroutines.android.HandlerDispatcher from$default(android.os.Handler,java.lang.String,int,java.lang.Object)
    public static synthetic void getMain$annotations()
    private static final void postFrameCallback(android.view.Choreographer,kotlinx.coroutines.CancellableContinuation)
    private static final void postFrameCallback$lambda$6(kotlinx.coroutines.CancellableContinuation,long)
    private static final void updateChoreographerAndPostFrameCallback(kotlinx.coroutines.CancellableContinuation)
kotlinx.coroutines.channels.ActorCoroutine
kotlinx.coroutines.channels.ActorKt
kotlinx.coroutines.channels.ActorScope$DefaultImpls
kotlinx.coroutines.channels.ActorScope
kotlinx.coroutines.channels.BroadcastChannel$DefaultImpls
kotlinx.coroutines.channels.BroadcastChannel
kotlinx.coroutines.channels.BroadcastChannelImpl$SubscriberBuffered
kotlinx.coroutines.channels.BroadcastChannelImpl$SubscriberConflated